[retune] captures: /home/chaithu/lhs/adaptive-precision-attention/analysis/c10_captures.npz
[retune] layers: [0, 1, 2, 3, 4, 5, 6, 7, 8, 9, 10, 11, 12, 13, 14, 15, 16, 17, 18, 19, 20, 21, 22, 23]
[retune] n_levels=8  separate_kv=False
  L 0: range [-0.2422,+0.2407]  std=0.1251  n_samples=400000
  L 1: range [-0.2102,+0.2259]  std=0.1250  n_samples=400000
  L 2: range [-0.2561,+0.2480]  std=0.1250  n_samples=400000
  L 3: range [-0.2429,+0.2609]  std=0.1250  n_samples=400000
  L 4: range [-0.2459,+0.2437]  std=0.1250  n_samples=400000
  L 5: range [-0.2528,+0.2491]  std=0.1250  n_samples=400000
  L 6: range [-0.2494,+0.2365]  std=0.1249  n_samples=400000
  L 7: range [-0.2611,+0.2425]  std=0.1247  n_samples=400000
  L 8: range [-0.2568,+0.2531]  std=0.1250  n_samples=400000
  L 9: range [-0.2572,+0.2549]  std=0.1251  n_samples=400000
  L10: range [-0.2540,+0.2501]  std=0.1250  n_samples=400000
  L11: range [-0.2600,+0.2562]  std=0.1249  n_samples=400000
  L12: range [-0.2571,+0.2549]  std=0.1249  n_samples=400000
  L13: range [-0.2515,+0.2598]  std=0.1251  n_samples=400000
  L14: range [-0.2467,+0.2614]  std=0.1250  n_samples=400000
  L15: range [-0.2603,+0.2567]  std=0.1250  n_samples=400000
  L16: range [-0.2704,+0.2553]  std=0.1249  n_samples=400000
  L17: range [-0.2509,+0.2641]  std=0.1250  n_samples=400000
  L18: range [-0.2569,+0.2569]  std=0.1250  n_samples=400000
  L19: range [-0.2580,+0.2501]  std=0.1251  n_samples=400000
  L20: range [-0.2667,+0.2409]  std=0.1250  n_samples=400000
  L21: range [-0.2695,+0.2550]  std=0.1249  n_samples=400000
  L22: range [-0.2579,+0.2461]  std=0.1250  n_samples=400000
  L23: range [-0.2587,+0.2565]  std=0.1250  n_samples=400000

[done] wrote /home/chaithu/lhs/adaptive-precision-attention/analysis/c10_centroid_tables.json  wall=1.7s
